<?xml version="1.0" encoding="UTF-8"?>
<testng-results ignored="0" total="1" passed="1" failed="0" skipped="0">
  <reporter-output>
  </reporter-output>
  <suite started-at="2024-03-27T00:11:23 IST" name="Surefire suite" finished-at="2024-03-27T00:11:46 IST" duration-ms="23789">
    <groups>
      <group name="cucumber">
        <method signature="AbstractTestNGCucumberTests.runScenario(io.cucumber.testng.PickleWrapper,io.cucumber.testng.FeatureWrapper)[pri:0, instance:testRunnerPack.TestRunner@50eca7c6]" name="runScenario" class="io.cucumber.testng.AbstractTestNGCucumberTests"/>
      </group> <!-- cucumber -->
    </groups>
    <test started-at="2024-03-27T00:11:23 IST" name="Surefire test" finished-at="2024-03-27T00:11:46 IST" duration-ms="23789">
      <class name="testRunnerPack.TestRunner">
        <test-method is-config="true" signature="setUpClass(org.testng.ITestContext)[pri:0, instance:testRunnerPack.TestRunner@50eca7c6]" started-at="2024-03-27T00:11:23 IST" name="setUpClass" finished-at="2024-03-27T00:11:23 IST" duration-ms="62" status="PASS">
          <params>
            <param index="0">
              <value>
                <![CDATA[org.testng.TestRunner@7affc159]]>
              </value>
            </param>
          </params>
          <reporter-output>
          </reporter-output>
        </test-method> <!-- setUpClass -->
        <test-method signature="runScenario(io.cucumber.testng.PickleWrapper,io.cucumber.testng.FeatureWrapper)[pri:0, instance:testRunnerPack.TestRunner@50eca7c6]" started-at="2024-03-27T00:11:23 IST" name="runScenario" description="Runs Cucumber Scenarios" data-provider="scenarios" finished-at="2024-03-27T00:11:46 IST" duration-ms="23546" status="PASS">
          <params>
            <param index="0">
              <value>
                <![CDATA["User Forget password"]]>
              </value>
            </param>
            <param index="1">
              <value>
                <![CDATA["Login into the application"]]>
              </value>
            </param>
          </params>
          <reporter-output>
          </reporter-output>
        </test-method> <!-- runScenario -->
        <test-method is-config="true" signature="tearDownClass()[pri:0, instance:testRunnerPack.TestRunner@50eca7c6]" started-at="2024-03-27T00:11:46 IST" name="tearDownClass" finished-at="2024-03-27T00:11:46 IST" duration-ms="92" status="PASS">
          <reporter-output>
          </reporter-output>
        </test-method> <!-- tearDownClass -->
      </class> <!-- testRunnerPack.TestRunner -->
    </test> <!-- Surefire test -->
  </suite> <!-- Surefire suite -->
</testng-results>
